0 info it worked if it ends with ok
1 verbose cli [ '/usr/local/bin/iojs', '/usr/local/bin/npm', 'publish' ]
2 info using npm@2.11.1
3 info using node@v2.3.0
4 verbose publish [ '.' ]
5 silly cache add args [ '.', null ]
6 verbose cache add spec .
7 silly cache add parsed spec { raw: '.',
7 silly cache add   scope: null,
7 silly cache add   name: null,
7 silly cache add   rawSpec: '.',
7 silly cache add   spec: '/Users/quoccuong/PhpstormProjects/serverSend',
7 silly cache add   type: 'directory' }
8 verbose addLocalDirectory /Users/quoccuong/.npm/sse-nodejs/0.0.3/package.tgz not in flight; packing
9 verbose tar pack [ '/Users/quoccuong/.npm/sse-nodejs/0.0.3/package.tgz',
9 verbose tar pack   '/Users/quoccuong/PhpstormProjects/serverSend' ]
10 verbose tarball /Users/quoccuong/.npm/sse-nodejs/0.0.3/package.tgz
11 verbose folder /Users/quoccuong/PhpstormProjects/serverSend
12 info prepublish sse-nodejs@0.0.3
13 verbose addLocalTarball adding from inside cache /Users/quoccuong/.npm/sse-nodejs/0.0.3/package.tgz
14 silly cache afterAdd sse-nodejs@0.0.3
15 verbose afterAdd /Users/quoccuong/.npm/sse-nodejs/0.0.3/package/package.json not in flight; writing
16 verbose afterAdd /Users/quoccuong/.npm/sse-nodejs/0.0.3/package/package.json written
17 silly publish { name: 'sse-nodejs',
17 silly publish   version: '0.0.3',
17 silly publish   description: 'Make a server sent events',
17 silly publish   main: 'index.js',
17 silly publish   scripts: { test: 'echo "Error: no test specified" && exit 1' },
17 silly publish   keywords: [ 'server', 'sent', 'event', 'server sent', 'sse' ],
17 silly publish   repository:
17 silly publish    { type: 'git',
17 silly publish      url: 'git+https://github.com/trquoccuong/Server-Sent-Events-Nodejs.git' },
17 silly publish   author: { name: 'Tran Quoc Cuong', email: 'trquoccuong@gmail.com' },
17 silly publish   license: 'MIT',
17 silly publish   readme: '# Server-Sent-Events-Nodejs\nMake  Server Sent Events (Node-js)\n\n>Easy to make a server sent events(SSE) with nodejs\n\n## Install\n\n```\n$ npm install sse-nodejs\n```\n\n## How to use\n\nUse with express:\n\n```\nvar sse = require(\'sses\');\n\nvar express = require(\'express\');\n\nvar app = express();\n\napp.get(\'/\', function (req,res) {\n   res.sendFile(__dirname+ \'/index.html\')\n});\n\napp.get(\'/time\', function (req,res) {\n    var app = sse(res);\n\n    app.sendEvent(\'time\', function () {\n        return new Date\n    },1000);\n    app.disconnect(function () {\n        console.log("disconnected");\n    })\n\n    app.removeEvent(\'time\',2000);\n\n});\n\napp.listen(3333);\n\n```\n\nUse in frontend\n\n\n```\n<!DOCTYPE html>\n<html>\n<head>\n\n</head>\n<body>\nHELLO WORLD\n<div id="clock"></div>\n</body>\n<script>\n    var ev = new EventSource(\'/time\');\n    ev.addEventListener(\'time\', function (result) {\n        document.getElementById("clock").innerHTML += result.data\n    })\n</script>\n</html>\n```\n\n## Option\n\n```\n    var app = sse(res,{option});\n```\n\n| Option  | Desciption |\n| ------------- | ------------- |\n| padding | add padding 2Kb, default true |\n| heartbeat | send a "heartbeat" every 10 seconds. https://bugzilla.mozilla.org/show_bug.cgi?id=444328 |\n| retry | time to retry, default time 3000 |\n\n\n## Function\n\n| Function  | Desciption |\n| ------------- | ------------- |\n| send(data) | send data only (message on server sent events) |\n| sendEvent(name,data,timeInterval) | send data after timeInterval if no timeInterval send once (data can be a function)|\n| removeEvent(nameEvent, timeout) | remove an event after timeout, if no timeout it will remove immediately |\n| disconnect(function) | listen event \'close\' |\n\n\n## How to use\n\nYou can use this module with HTTP response object\n\n\n### The MIT License (MIT)\n\nCopyright (c) <2015> Tran Quoc Cuong\n\nPermission is hereby granted, free of charge, to any person obtaining a copy\nof this software and associated documentation files (the "Software"), to deal\nin the Software without restriction, including without limitation the rights\nto use, copy, modify, merge, publish, distribute, sublicense, and/or sell\ncopies of the Software, and to permit persons to whom the Software is\nfurnished to do so, subject to the following conditions:\n\nThe above copyright notice and this permission notice shall be included in\nall copies or substantial portions of the Software.\n\nTHE SOFTWARE IS PROVIDED "AS IS", WITHOUT WARRANTY OF ANY KIND, EXPRESS OR\nIMPLIED, INCLUDING BUT NOT LIMITED TO THE WARRANTIES OF MERCHANTABILITY,\nFITNESS FOR A PARTICULAR PURPOSE AND NONINFRINGEMENT. IN NO EVENT SHALL THE\nAUTHORS OR COPYRIGHT HOLDERS BE LIABLE FOR ANY CLAIM, DAMAGES OR OTHER\nLIABILITY, WHETHER IN AN ACTION OF CONTRACT, TORT OR OTHERWISE, ARISING FROM,\nOUT OF OR IN CONNECTION WITH THE SOFTWARE OR THE USE OR OTHER DEALINGS IN\nTHE SOFTWARE.',
17 silly publish   readmeFilename: 'README.md',
17 silly publish   gitHead: 'e97ff568b53af0f69d912860b2cb9f7d52af2a31',
17 silly publish   bugs: { url: 'https://github.com/trquoccuong/Server-Sent-Events-Nodejs/issues' },
17 silly publish   homepage: 'https://github.com/trquoccuong/Server-Sent-Events-Nodejs#readme',
17 silly publish   _id: 'sse-nodejs@0.0.3',
17 silly publish   _shasum: '75771c58cce0df6c09eb6a646f49e2384a7f0118',
17 silly publish   _from: '.' }
18 verbose getPublishConfig undefined
19 silly mapToRegistry name sse-nodejs
20 silly mapToRegistry using default registry
21 silly mapToRegistry registry https://registry.npmjs.org/
22 silly mapToRegistry uri https://registry.npmjs.org/sse-nodejs
23 verbose publish registryBase https://registry.npmjs.org/
24 silly publish uploading /Users/quoccuong/.npm/sse-nodejs/0.0.3/package.tgz
25 verbose request uri https://registry.npmjs.org/sse-nodejs
26 verbose request sending authorization for write operation
27 info attempt registry request try #1 at 15:57:28
28 verbose request using bearer token for auth
29 verbose request id 240901f68fe392a9
30 http request PUT https://registry.npmjs.org/sse-nodejs
31 http 403 https://registry.npmjs.org/sse-nodejs
32 verbose headers { 'content-type': 'application/json',
32 verbose headers   'cache-control': 'max-age=60',
32 verbose headers   'content-length': '95',
32 verbose headers   'accept-ranges': 'bytes',
32 verbose headers   date: 'Tue, 18 Aug 2015 08:57:31 GMT',
32 verbose headers   via: '1.1 varnish',
32 verbose headers   connection: 'keep-alive',
32 verbose headers   'x-served-by': 'cache-ams4131-AMS',
32 verbose headers   'x-cache': 'MISS',
32 verbose headers   'x-cache-hits': '0',
32 verbose headers   'x-timer': 'S1439888249.822346,VS0,VE1260' }
33 verbose request invalidating /Users/quoccuong/.npm/registry.npmjs.org/sse-nodejs on PUT
34 error publish Failed PUT 403
35 verbose stack Error: "You cannot publish over the previously published version 0.0.3." : sse-nodejs
35 verbose stack     at CachingRegistryClient.<anonymous> (/usr/local/lib/node_modules/npm/node_modules/npm-registry-client/lib/request.js:247:14)
35 verbose stack     at Request._callback (/usr/local/lib/node_modules/npm/node_modules/npm-registry-client/lib/request.js:170:14)
35 verbose stack     at Request.self.callback (/usr/local/lib/node_modules/npm/node_modules/request/request.js:354:22)
35 verbose stack     at emitTwo (events.js:87:13)
35 verbose stack     at Request.emit (events.js:172:7)
35 verbose stack     at Request.<anonymous> (/usr/local/lib/node_modules/npm/node_modules/request/request.js:1207:14)
35 verbose stack     at emitOne (events.js:82:20)
35 verbose stack     at Request.emit (events.js:169:7)
35 verbose stack     at IncomingMessage.<anonymous> (/usr/local/lib/node_modules/npm/node_modules/request/request.js:1153:12)
35 verbose stack     at emitNone (events.js:72:20)
36 verbose statusCode 403
37 verbose pkgid sse-nodejs
38 verbose cwd /Users/quoccuong/PhpstormProjects/serverSend
39 error Darwin 14.0.0
40 error argv "/usr/local/bin/iojs" "/usr/local/bin/npm" "publish"
41 error node v2.3.0
42 error npm  v2.11.1
43 error code E403
44 error "You cannot publish over the previously published version 0.0.3." : sse-nodejs
45 error If you need help, you may report this error at:
45 error     <https://github.com/npm/npm/issues>
46 verbose exit [ 1, true ]
